<?xml version="1.0" encoding="UTF-8" ?>
<testsuite failures="0" time="0.038" errors="0" skipped="0" tests="1" name="com.zokee.common.TestReadCategory">
  <properties>
    <property name="java.vendor" value="Sun Microsystems Inc."/>
    <property name="localRepository" value="D:\Xiaoi\.m2\repository"/>
    <property name="sun.java.launcher" value="SUN_STANDARD"/>
    <property name="sun.management.compiler" value="HotSpot 64-Bit Tiered Compilers"/>
    <property name="env.PROMPT" value="$P$G"/>
    <property name="os.name" value="Windows 7"/>
    <property name="env.FP_NO_HOST_CHECK" value="NO"/>
    <property name="sun.boot.class.path" value="C:\Java\jdk\jre\lib\resources.jar;C:\Java\jdk\jre\lib\rt.jar;C:\Java\jdk\jre\lib\sunrsasign.jar;C:\Java\jdk\jre\lib\jsse.jar;C:\Java\jdk\jre\lib\jce.jar;C:\Java\jdk\jre\lib\charsets.jar;C:\Java\jdk\jre\lib\modules\jdk.boot.jar;C:\Java\jdk\jre\classes"/>
    <property name="env.COMPUTERNAME" value="EKO-ZHAN"/>
    <property name="env.CommonProgramW6432" value="C:\Program Files\Common Files"/>
    <property name="env.ALLUSERSPROFILE" value="C:\ProgramData"/>
    <property name="sun.desktop" value="windows"/>
    <property name="java.vm.specification.vendor" value="Sun Microsystems Inc."/>
    <property name="java.runtime.version" value="1.6.0_45-b06"/>
    <property name="env.HOMEPATH" value="\Users\eko"/>
    <property name="user.name" value="eko.zhan"/>
    <property name="env.NODE_PATH" value="D:\Program Files\nodejs\node_global;"/>
    <property name="user.language" value="zh"/>
    <property name="env.windows_tracing_flags" value="3"/>
    <property name="sun.boot.library.path" value="C:\Java\jdk\jre\bin"/>
    <property name="java.version" value="1.6.0_45"/>
    <property name="env.PROCESSOR_IDENTIFIER" value="Intel64 Family 6 Model 58 Stepping 9, GenuineIntel"/>
    <property name="user.timezone" value="Asia/Shanghai"/>
    <property name="env.TEMP" value="C:\Users\eko\AppData\Local\Temp"/>
    <property name="sun.arch.data.model" value="64"/>
    <property name="java.endorsed.dirs" value="C:\Java\jdk\jre\lib\endorsed"/>
    <property name="sun.cpu.isalist" value="amd64"/>
    <property name="env.HOMEDRIVE" value="C:"/>
    <property name="sun.jnu.encoding" value="GBK"/>
    <property name="file.encoding.pkg" value="sun.io"/>
    <property name="file.separator" value="\"/>
    <property name="java.specification.name" value="Java Platform API Specification"/>
    <property name="java.class.version" value="50.0"/>
    <property name="user.country" value="CN"/>
    <property name="java.home" value="C:\Java\jdk\jre"/>
    <property name="env.PSModulePath" value="C:\Windows\system32\WindowsPowerShell\v1.0\Modules\"/>
    <property name="env.APPDATA" value="C:\Users\eko\AppData\Roaming"/>
    <property name="env.PUBLIC" value="C:\Users\Public"/>
    <property name="env.windows_tracing_logfile" value="C:\BVTBin\Tests\installpackage\csilogfile.log"/>
    <property name="java.vm.info" value="mixed mode"/>
    <property name="env.ComSpec" value="C:\Windows\system32\cmd.exe"/>
    <property name="env.OS" value="Windows_NT"/>
    <property name="env.CommonProgramFiles" value="C:\Program Files\Common Files"/>
    <property name="os.version" value="6.1"/>
    <property name="env.ProgramW6432" value="C:\Program Files"/>
    <property name="path.separator" value=";"/>
    <property name="java.vm.version" value="20.45-b01"/>
    <property name="env.USERPROFILE" value="C:\Users\eko"/>
    <property name="user.variant" value=""/>
    <property name="env.JAVA_HOME" value="C:\Java\jdk"/>
    <property name="java.awt.printerjob" value="sun.awt.windows.WPrinterJob"/>
    <property name="env.TMP" value="C:\Users\eko\AppData\Local\Temp"/>
    <property name="sun.io.unicode.encoding" value="UnicodeLittle"/>
    <property name="awt.toolkit" value="sun.awt.windows.WToolkit"/>
    <property name="user.home" value="C:\Users\eko"/>
    <property name="env.ProgramData" value="C:\ProgramData"/>
    <property name="env.SESSIONNAME" value="Console"/>
    <property name="env.ProgramFiles(x86)" value="C:\Program Files (x86)"/>
    <property name="java.specification.vendor" value="Sun Microsystems Inc."/>
    <property name="env.CLASSPATH" value=".;C:\Java\jdk\lib\dt.jar;C:\Java\jdk\lib\tools.jar;"/>
    <property name="env.NUMBER_OF_PROCESSORS" value="4"/>
    <property name="java.library.path" value="C:\Java\jdk\bin;C:\Windows\Sun\Java\bin;C:\Windows\system32;C:\Windows;D:\EXTJS\BIN\SENCHA\CMD\4.0.5.87;C:\PROGRAM FILES\COMMON FILES\MICROSOFT SHARED\WINDOWS LIVE;C:\PROGRAM FILES (X86)\COMMON FILES\MICROSOFT SHARED\WINDOWS LIVE;C:\PROGRAM FILES (X86)\NVIDIA CORPORATION\PHYSX\COMMON;C:\PROGRAM FILES (X86)\INTEL\ICLS CLIENT\;C:\PROGRAM FILES\INTEL\ICLS CLIENT\;C:\PROGRAM FILES\BROADCOM\BROADCOM 802.11 NETWORK ADAPTER\DRIVER;C:\Windows\SYSTEM32;C:\Windows;C:\Windows\SYSTEM32\WBEM;C:\Windows\SYSTEM32\WINDOWSPOWERSHELL\V1.0\;C:\PROGRAM FILES (X86)\INTEL\OPENCL SDK\2.0\BIN\X86;C:\PROGRAM FILES (X86)\INTEL\OPENCL SDK\2.0\BIN\X64;C:\PROGRAM FILES (X86)\INTEL\OPENCL SDK\2.0\BIN\X86;C:\PROGRAM FILES (X86)\INTEL\OPENCL SDK\2.0\BIN\X64;C:\PROGRAM FILES\INTEL\WIFI\BIN\;C:\PROGRAM FILES\COMMON FILES\INTEL\WIRELESSCOMMON\;;C:\PROGRAM FILES\INTEL\INTEL(R) MANAGEMENT ENGINE COMPONENTS\DAL;C:\PROGRAM FILES\INTEL\INTEL(R) MANAGEMENT ENGINE COMPONENTS\IPT;C:\PROGRAM FILES (X86)\INTEL\INTEL(R) MANAGEMENT ENGINE COMPONENTS\DAL;C:\PROGRAM FILES (X86)\INTEL\INTEL(R) MANAGEMENT ENGINE COMPONENTS\IPT;D:\PROGRAM FILES\TORTOISESVN\BIN;C:\Java\jdk\BIN;C:\Java\jdk\JRE\BIN;C:\PROGRAM FILES\CALIBRE2\;C:\PROGRAM FILES (X86)\WINDOWS LIVE\SHARED;D:\PROGRAM FILES\VISUALSVN SERVER\BIN;C:\Program Files\Lenovo\Bluetooth Software\;C:\Program Files\Lenovo\Bluetooth Software\syswow64;D:\Program Files\nodejs\;D:\Program Files\nodejs\node_global;D:\Ruby21\bin;C:\Users\eko\AppData\Roaming\npm;."/>
    <property name="java.vendor.url" value="http://java.sun.com/"/>
    <property name="java.vm.vendor" value="Sun Microsystems Inc."/>
    <property name="java.runtime.name" value="Java(TM) SE Runtime Environment"/>
    <property name="sun.java.command" value="org.apache.maven.cli.MavenCli -B -s D:\Xiaoi\.m2\settings.xml test"/>
    <property name="java.class.path" value="/D:/Program Files/MyEclipse 6.5/myeclipse/eclipse/plugins/org.maven.ide.components.maven_embedder_2.1.0.20080410-2200/jars/aspectjrt-1.5.3.jar;/D:/Program Files/MyEclipse 6.5/myeclipse/eclipse/plugins/org.maven.ide.components.maven_embedder_2.1.0.20080410-2200/jars/backport-util-concurrent-3.0.jar;/D:/Program Files/MyEclipse 6.5/myeclipse/eclipse/plugins/org.maven.ide.components.maven_embedder_2.1.0.20080410-2200/jars/commons-cli-1.0.jar;/D:/Program Files/MyEclipse 6.5/myeclipse/eclipse/plugins/org.maven.ide.components.maven_embedder_2.1.0.20080410-2200/jars/doxia-sink-api-1.0-alpha-9.jar;/D:/Program Files/MyEclipse 6.5/myeclipse/eclipse/plugins/org.maven.ide.components.maven_embedder_2.1.0.20080410-2200/jars/jsch-0.1.27.jar;/D:/Program Files/MyEclipse 6.5/myeclipse/eclipse/plugins/org.maven.ide.components.maven_embedder_2.1.0.20080410-2200/jars/jtidy-4aug2000r7-dev.jar;/D:/Program Files/MyEclipse 6.5/myeclipse/eclipse/plugins/org.maven.ide.components.maven_embedder_2.1.0.20080410-2200/jars/maven-artifact-3.0-SNAPSHOT.jar;/D:/Program Files/MyEclipse 6.5/myeclipse/eclipse/plugins/org.maven.ide.components.maven_embedder_2.1.0.20080410-2200/jars/maven-core-2.1-SNAPSHOT.jar;/D:/Program Files/MyEclipse 6.5/myeclipse/eclipse/plugins/org.maven.ide.components.maven_embedder_2.1.0.20080410-2200/jars/maven-embedder-2.1-SNAPSHOT.jar;/D:/Program Files/MyEclipse 6.5/myeclipse/eclipse/plugins/org.maven.ide.components.maven_embedder_2.1.0.20080410-2200/jars/maven-lifecycle-2.1-SNAPSHOT.jar;/D:/Program Files/MyEclipse 6.5/myeclipse/eclipse/plugins/org.maven.ide.components.maven_embedder_2.1.0.20080410-2200/jars/maven-model-2.1-SNAPSHOT.jar;/D:/Program Files/MyEclipse 6.5/myeclipse/eclipse/plugins/org.maven.ide.components.maven_embedder_2.1.0.20080410-2200/jars/maven-plugin-api-2.1-SNAPSHOT.jar;/D:/Program Files/MyEclipse 6.5/myeclipse/eclipse/plugins/org.maven.ide.components.maven_embedder_2.1.0.20080410-2200/jars/maven-profile-2.1-SNAPSHOT.jar;/D:/Program Files/MyEclipse 6.5/myeclipse/eclipse/plugins/org.maven.ide.components.maven_embedder_2.1.0.20080410-2200/jars/maven-project-2.1-SNAPSHOT.jar;/D:/Program Files/MyEclipse 6.5/myeclipse/eclipse/plugins/org.maven.ide.components.maven_embedder_2.1.0.20080410-2200/jars/maven-reporting-api-2.1-SNAPSHOT.jar;/D:/Program Files/MyEclipse 6.5/myeclipse/eclipse/plugins/org.maven.ide.components.maven_embedder_2.1.0.20080410-2200/jars/maven-toolchain-2.1-SNAPSHOT.jar;/D:/Program Files/MyEclipse 6.5/myeclipse/eclipse/plugins/org.maven.ide.components.maven_embedder_2.1.0.20080410-2200/jars/maven-workspace-2.1-SNAPSHOT.jar;/D:/Program Files/MyEclipse 6.5/myeclipse/eclipse/plugins/org.maven.ide.components.maven_embedder_2.1.0.20080410-2200/jars/plexus-classworlds-1.2-alpha-12.jar;/D:/Program Files/MyEclipse 6.5/myeclipse/eclipse/plugins/org.maven.ide.components.maven_embedder_2.1.0.20080410-2200/jars/plexus-container-default-1.0-alpha-44.jar;/D:/Program Files/MyEclipse 6.5/myeclipse/eclipse/plugins/org.maven.ide.components.maven_embedder_2.1.0.20080410-2200/jars/plexus-interactivity-api-1.0-alpha-6.jar;/D:/Program Files/MyEclipse 6.5/myeclipse/eclipse/plugins/org.maven.ide.components.maven_embedder_2.1.0.20080410-2200/jars/plexus-interpolation-1.0-SNAPSHOT.jar;/D:/Program Files/MyEclipse 6.5/myeclipse/eclipse/plugins/org.maven.ide.components.maven_embedder_2.1.0.20080410-2200/jars/plexus-utils-1.5.1.jar;/D:/Program Files/MyEclipse 6.5/myeclipse/eclipse/plugins/org.maven.ide.components.maven_embedder_2.1.0.20080410-2200/jars/retrotranslator-runtime-1.2.1.jar;/D:/Program Files/MyEclipse 6.5/myeclipse/eclipse/plugins/org.maven.ide.components.maven_embedder_2.1.0.20080410-2200/jars/wagon-file-1.0-beta-2.jar;/D:/Program Files/MyEclipse 6.5/myeclipse/eclipse/plugins/org.maven.ide.components.maven_embedder_2.1.0.20080410-2200/jars/wagon-http-lightweight-1.0-beta-2.jar;/D:/Program Files/MyEclipse 6.5/myeclipse/eclipse/plugins/org.maven.ide.components.maven_embedder_2.1.0.20080410-2200/jars/wagon-http-shared-1.0-beta-2.jar;/D:/Program Files/MyEclipse 6.5/myeclipse/eclipse/plugins/org.maven.ide.components.maven_embedder_2.1.0.20080410-2200/jars/wagon-provider-api-1.0-beta-2.jar;/D:/Program Files/MyEclipse 6.5/myeclipse/eclipse/plugins/org.maven.ide.components.maven_embedder_2.1.0.20080410-2200/jars/wagon-ssh-1.0-beta-2.jar;/D:/Program Files/MyEclipse 6.5/myeclipse/eclipse/plugins/org.maven.ide.components.maven_embedder_2.1.0.20080410-2200/jars/wagon-ssh-common-1.0-beta-2.jar;/D:/Program Files/MyEclipse 6.5/myeclipse/eclipse/plugins/org.maven.ide.components.maven_embedder_2.1.0.20080410-2200/jars/wagon-ssh-external-1.0-beta-2.jar"/>
    <property name="env.SENCHA_CMD_3_0_0" value="D:\extjs\bin/Sencha/Cmd/4.0.5.87"/>
    <property name="java.vm.specification.name" value="Java Virtual Machine Specification"/>
    <property name="env.LOGONSERVER" value="\\EKO-ZHAN"/>
    <property name="env.windir" value="C:\Windows"/>
    <property name="java.vm.specification.version" value="1.0"/>
    <property name="env.PROCESSOR_ARCHITECTURE" value="AMD64"/>
    <property name="sun.os.patch.level" value="Service Pack 1"/>
    <property name="sun.cpu.endian" value="little"/>
    <property name="env.ProgramFiles" value="C:\Program Files"/>
    <property name="surefire.test.class.path" value="D:\Workspaces\bigmom\target\test-classes;D:\Xiaoi\.m2\repository\org\apache\openejb\javaee-api\6.0-6\javaee-api-6.0-6.jar;D:\Xiaoi\.m2\repository\org\apache\geronimo\specs\geronimo-osgi-locator\1.1\geronimo-osgi-locator-1.1.jar;D:\Xiaoi\.m2\repository\javax\faces\jsf-api\1.2_04\jsf-api-1.2_04.jar;D:\Xiaoi\.m2\repository\javax\servlet\jstl\1.2\jstl-1.2.jar;D:\Xiaoi\.m2\repository\javax\servlet\jsp\jsp-api\2.1\jsp-api-2.1.jar;D:\Xiaoi\.m2\repository\javax\faces\jsf-impl\1.2_04\jsf-impl-1.2_04.jar;D:\Xiaoi\.m2\repository\org\springframework\spring-core\3.2.13.RELEASE\spring-core-3.2.13.RELEASE.jar;D:\Xiaoi\.m2\repository\commons-logging\commons-logging\1.1.3\commons-logging-1.1.3.jar;D:\Xiaoi\.m2\repository\org\springframework\spring-beans\3.2.13.RELEASE\spring-beans-3.2.13.RELEASE.jar;D:\Xiaoi\.m2\repository\org\springframework\spring-aop\3.2.13.RELEASE\spring-aop-3.2.13.RELEASE.jar;D:\Xiaoi\.m2\repository\aopalliance\aopalliance\1.0\aopalliance-1.0.jar;D:\Xiaoi\.m2\repository\org\springframework\spring-context\3.2.13.RELEASE\spring-context-3.2.13.RELEASE.jar;D:\Xiaoi\.m2\repository\org\springframework\spring-expression\3.2.13.RELEASE\spring-expression-3.2.13.RELEASE.jar;D:\Xiaoi\.m2\repository\org\springframework\spring-web\3.2.13.RELEASE\spring-web-3.2.13.RELEASE.jar;D:\Xiaoi\.m2\repository\org\springframework\spring-jdbc\3.2.13.RELEASE\spring-jdbc-3.2.13.RELEASE.jar;D:\Xiaoi\.m2\repository\org\springframework\spring-tx\3.2.13.RELEASE\spring-tx-3.2.13.RELEASE.jar;D:\Xiaoi\.m2\repository\org\springframework\spring-context-support\3.2.13.RELEASE\spring-context-support-3.2.13.RELEASE.jar;D:\Xiaoi\.m2\repository\org\springframework\spring-orm\3.2.13.RELEASE\spring-orm-3.2.13.RELEASE.jar;D:\Xiaoi\.m2\repository\org\springframework\spring-webmvc\3.2.13.RELEASE\spring-webmvc-3.2.13.RELEASE.jar;D:\Xiaoi\.m2\repository\org\springframework\spring-test\3.2.13.RELEASE\spring-test-3.2.13.RELEASE.jar;D:\Xiaoi\.m2\repository\org\springframework\security\spring-security-web\3.2.7.RELEASE\spring-security-web-3.2.7.RELEASE.jar;D:\Xiaoi\.m2\repository\org\springframework\security\spring-security-core\3.2.7.RELEASE\spring-security-core-3.2.7.RELEASE.jar;D:\Xiaoi\.m2\repository\org\springframework\security\spring-security-config\3.2.7.RELEASE\spring-security-config-3.2.7.RELEASE.jar;D:\Xiaoi\.m2\repository\com\google\code\simple-spring-memcached\simple-spring-memcached\3.2.1\simple-spring-memcached-3.2.1.jar;D:\Xiaoi\.m2\repository\org\aspectj\aspectjrt\1.6.8\aspectjrt-1.6.8.jar;D:\Xiaoi\.m2\repository\org\aspectj\aspectjweaver\1.6.8\aspectjweaver-1.6.8.jar;D:\Xiaoi\.m2\repository\org\codehaus\jackson\jackson-mapper-asl\1.9.11\jackson-mapper-asl-1.9.11.jar;D:\Xiaoi\.m2\repository\org\codehaus\jackson\jackson-core-asl\1.9.11\jackson-core-asl-1.9.11.jar;D:\Xiaoi\.m2\repository\org\slf4j\slf4j-api\1.6.4\slf4j-api-1.6.4.jar;D:\Xiaoi\.m2\repository\net\spy\spymemcached\2.11.7\spymemcached-2.11.7.jar;D:\Xiaoi\.m2\repository\org\hibernate\hibernate-core\3.6.10.Final\hibernate-core-3.6.10.Final.jar;D:\Xiaoi\.m2\repository\antlr\antlr\2.7.6\antlr-2.7.6.jar;D:\Xiaoi\.m2\repository\commons-collections\commons-collections\3.1\commons-collections-3.1.jar;D:\Xiaoi\.m2\repository\dom4j\dom4j\1.6.1\dom4j-1.6.1.jar;D:\Xiaoi\.m2\repository\org\hibernate\hibernate-commons-annotations\3.2.0.Final\hibernate-commons-annotations-3.2.0.Final.jar;D:\Xiaoi\.m2\repository\org\hibernate\javax\persistence\hibernate-jpa-2.0-api\1.0.1.Final\hibernate-jpa-2.0-api-1.0.1.Final.jar;D:\Xiaoi\.m2\repository\javax\transaction\jta\1.1\jta-1.1.jar;D:\Xiaoi\.m2\repository\org\hibernate\hibernate-entitymanager\3.6.10.Final\hibernate-entitymanager-3.6.10.Final.jar;D:\Xiaoi\.m2\repository\cglib\cglib\2.2\cglib-2.2.jar;D:\Xiaoi\.m2\repository\asm\asm\3.1\asm-3.1.jar;D:\Xiaoi\.m2\repository\javassist\javassist\3.12.0.GA\javassist-3.12.0.GA.jar;D:\Xiaoi\.m2\repository\org\javassist\javassist\3.19.0-GA\javassist-3.19.0-GA.jar;D:\Xiaoi\.m2\repository\commons-dbcp\commons-dbcp\1.4\commons-dbcp-1.4.jar;D:\Xiaoi\.m2\repository\commons-pool\commons-pool\1.5.4\commons-pool-1.5.4.jar;D:\Xiaoi\.m2\repository\commons-fileupload\commons-fileupload\1.3.1\commons-fileupload-1.3.1.jar;D:\Xiaoi\.m2\repository\commons-io\commons-io\2.2\commons-io-2.2.jar;D:\Xiaoi\.m2\repository\log4j\log4j\1.2.16\log4j-1.2.16.jar;D:\Xiaoi\.m2\repository\net\sf\json-lib\json-lib\2.2.2\json-lib-2.2.2.jar;D:\Xiaoi\.m2\repository\commons-beanutils\commons-beanutils\1.7.0\commons-beanutils-1.7.0.jar;D:\Xiaoi\.m2\repository\commons-lang\commons-lang\2.4\commons-lang-2.4.jar;D:\Xiaoi\.m2\repository\net\sf\ezmorph\ezmorph\1.0.4\ezmorph-1.0.4.jar;D:\Xiaoi\.m2\repository\junit\junit\4.12\junit-4.12.jar;D:\Xiaoi\.m2\repository\org\hamcrest\hamcrest-core\1.3\hamcrest-core-1.3.jar;D:\Xiaoi\.m2\repository\mysql\mysql-connector-java\5.1.13\mysql-connector-java-5.1.13.jar;D:\Workspaces\bigmom\src\main\webapp\WEB-INF\classes;"/>
    <property name="java.io.tmpdir" value="C:\Users\eko\AppData\Local\Temp\"/>
    <property name="env.PROCESSOR_REVISION" value="3a09"/>
    <property name="env.CommonProgramFiles(x86)" value="C:\Program Files (x86)\Common Files"/>
    <property name="java.vendor.url.bug" value="http://java.sun.com/cgi-bin/bugreport.cgi"/>
    <property name="env.SystemRoot" value="C:\Windows"/>
    <property name="java.awt.graphicsenv" value="sun.awt.Win32GraphicsEnvironment"/>
    <property name="os.arch" value="amd64"/>
    <property name="java.ext.dirs" value="C:\Java\jdk\jre\lib\ext;C:\Windows\Sun\Java\lib\ext"/>
    <property name="user.dir" value="D:\Workspaces\bigmom"/>
    <property name="env.LOCALAPPDATA" value="C:\Users\eko\AppData\Local"/>
    <property name="line.separator" value="
"/>
    <property name="java.vm.name" value="Java HotSpot(TM) 64-Bit Server VM"/>
    <property name="env.PATHEXT" value=".COM;.EXE;.BAT;.CMD;.VBS;.VBE;.JS;.JSE;.WSF;.WSH;.MSC;.RB;.RBW"/>
    <property name="env.Path" value="D:\EXTJS\BIN\SENCHA\CMD\4.0.5.87;C:\PROGRAM FILES\COMMON FILES\MICROSOFT SHARED\WINDOWS LIVE;C:\PROGRAM FILES (X86)\COMMON FILES\MICROSOFT SHARED\WINDOWS LIVE;C:\PROGRAM FILES (X86)\NVIDIA CORPORATION\PHYSX\COMMON;C:\PROGRAM FILES (X86)\INTEL\ICLS CLIENT\;C:\PROGRAM FILES\INTEL\ICLS CLIENT\;C:\PROGRAM FILES\BROADCOM\BROADCOM 802.11 NETWORK ADAPTER\DRIVER;C:\Windows\SYSTEM32;C:\Windows;C:\Windows\SYSTEM32\WBEM;C:\Windows\SYSTEM32\WINDOWSPOWERSHELL\V1.0\;C:\PROGRAM FILES (X86)\INTEL\OPENCL SDK\2.0\BIN\X86;C:\PROGRAM FILES (X86)\INTEL\OPENCL SDK\2.0\BIN\X64;C:\PROGRAM FILES (X86)\INTEL\OPENCL SDK\2.0\BIN\X86;C:\PROGRAM FILES (X86)\INTEL\OPENCL SDK\2.0\BIN\X64;C:\PROGRAM FILES\INTEL\WIFI\BIN\;C:\PROGRAM FILES\COMMON FILES\INTEL\WIRELESSCOMMON\;;C:\PROGRAM FILES\INTEL\INTEL(R) MANAGEMENT ENGINE COMPONENTS\DAL;C:\PROGRAM FILES\INTEL\INTEL(R) MANAGEMENT ENGINE COMPONENTS\IPT;C:\PROGRAM FILES (X86)\INTEL\INTEL(R) MANAGEMENT ENGINE COMPONENTS\DAL;C:\PROGRAM FILES (X86)\INTEL\INTEL(R) MANAGEMENT ENGINE COMPONENTS\IPT;D:\PROGRAM FILES\TORTOISESVN\BIN;C:\Java\jdk\BIN;C:\Java\jdk\JRE\BIN;C:\PROGRAM FILES\CALIBRE2\;C:\PROGRAM FILES (X86)\WINDOWS LIVE\SHARED;D:\PROGRAM FILES\VISUALSVN SERVER\BIN;C:\Program Files\Lenovo\Bluetooth Software\;C:\Program Files\Lenovo\Bluetooth Software\syswow64;D:\Program Files\nodejs\;D:\Program Files\nodejs\node_global;D:\Ruby21\bin;C:\Users\eko\AppData\Roaming\npm"/>
    <property name="basedir" value="D:\Workspaces\bigmom"/>
    <property name="env.VISUALSVN_SERVER" value="D:\Program Files\VisualSVN Server\"/>
    <property name="env.USERNAME" value="eko.zhan"/>
    <property name="env.SystemDrive" value="C:"/>
    <property name="file.encoding" value="GBK"/>
    <property name="env.COMMPath" value="C:\Program Files\Lenovo\Communications Utility"/>
    <property name="env.USERDOMAIN" value="eko-zhan"/>
    <property name="java.specification.version" value="1.6"/>
    <property name="env.PROCESSOR_LEVEL" value="6"/>
  </properties>
  <testcase time="0.002" classname="com.zokee.common.TestReadCategory" name="readFile"/>
</testsuite>